<?xml version="1.0" encoding="UTF-8"?>
<!-- Generated by org.testng.reporters.JUnitReportReporter -->
<testsuite hostname="DELL" name="com.qa.testcases.ContactPageTest" tests="1" failures="0" timestamp="1 Feb 2018 14:49:44 GMT" time="97.726" errors="0">
  <testcase name="selectSingleContactsTest" time="97.726" classname="com.qa.testcases.ContactPageTest"/>
</testsuite> <!-- com.qa.testcases.ContactPageTest -->
