<?xml version="1.0" encoding="UTF-8"?>
<!-- Generated by org.testng.reporters.JUnitReportReporter -->
<testsuite hostname="DELL" name="com.qa.ParametersUsingTestNG.ParameterUsingTestNG" tests="1" failures="0" timestamp="31 Jan 2018 14:31:12 GMT" time="35.288" errors="0">
  <testcase name="LoginYahoo" time="35.288" classname="com.qa.ParametersUsingTestNG.ParameterUsingTestNG"/>
</testsuite> <!-- com.qa.ParametersUsingTestNG.ParameterUsingTestNG -->
