<?xml version="1.0" encoding="UTF-8"?>
<!-- Generated by org.testng.reporters.JUnitReportReporter -->
<testsuite hostname="DELL" name="com.qa.testcases.HomePageTest" tests="1" failures="0" timestamp="24 Jan 2018 14:33:14 GMT" time="756.190" errors="0">
  <testcase name="verifyHomePageTitleTest" time="756.190" classname="com.qa.testcases.HomePageTest"/>
</testsuite> <!-- com.qa.testcases.HomePageTest -->
